<?xml version="1.0" encoding="UTF-8"?>
<!-- Generated by org.testng.reporters.JUnitReportReporter -->
<testsuite hostname="LAPTOP-2T1V64OG" failures="0" tests="2" name="SpicejetGridTest" time="21.657" errors="0" timestamp="2024-01-16T12:21:12 EST" skipped="0">
  <testcase classname="SpicejetGridTest" name="flight_input" time="18.017"/>
  <testcase classname="SpicejetGridTest" name="flight_details" time="3.640"/>
</testsuite> <!-- SpicejetGridTest -->
