<?xml version="1.0" encoding="UTF-8"?>
<!-- Generated by org.testng.reporters.JUnitReportReporter -->
<testsuite hostname="LAPTOP-2T1V64OG" failures="0" tests="1" name="ImageReader" time="11.223" errors="0" timestamp="2024-01-17T12:40:51 EST" skipped="0">
  <testcase classname="ImageReader" name="OCR" time="11.223"/>
</testsuite> <!-- ImageReader -->
