<?xml version="1.0" encoding="UTF-8"?>
<!-- Generated by org.testng.reporters.JUnitReportReporter -->
<testsuite hostname="LAPTOP-2T1V64OG" failures="0" tests="2" name="ImageReaderTest" time="26.796" errors="0" timestamp="2024-01-17T14:08:38 EST" skipped="0">
  <testcase classname="ImageReaderTest" name="test2" time="6.085"/>
  <testcase classname="ImageReaderTest" name="test1" time="20.711"/>
</testsuite> <!-- ImageReaderTest -->
